<?xml version="1.0" encoding="UTF-8"?>
<!-- Generated by org.testng.reporters.JUnitReportReporter -->
<testsuite skipped="0" hostname="SHI58495EU1271E" name="com.qa.rest.test.OAuth20" tests="2" failures="0" timestamp="24 Feb 2020 07:05:15 GMT" time="4.219" errors="0">
  <testcase name="testOauth20DynamicToken" time="3.100" classname="com.qa.rest.test.OAuth20"/>
  <testcase name="testOauth20NegativeTest" time="1.119" classname="com.qa.rest.test.OAuth20"/>
</testsuite> <!-- com.qa.rest.test.OAuth20 -->
