<?xml version="1.0" encoding="UTF-8"?>
<!-- Generated by org.testng.reporters.JUnitReportReporter -->
<testsuite skipped="0" hostname="SHI58495EU1271E" name="com.qa.rest.test.GetCallBDD" tests="1" failures="0" timestamp="20 Feb 2020 09:26:42 GMT" time="1.895" errors="0">
  <testcase name="testAuthentication" time="1.895" classname="com.qa.rest.test.GetCallBDD"/>
</testsuite> <!-- com.qa.rest.test.GetCallBDD -->
