<?xml version="1.0" encoding="UTF-8"?>
<!-- Generated by org.testng.reporters.JUnitReportReporter -->
<testsuite skipped="0" hostname="SHI58495EU1271E" name="com.qa.rest.test.OAuth10" tests="1" failures="0" timestamp="20 Feb 2020 12:15:09 GMT" time="3.072" errors="0">
  <testcase name="deleteTweet" time="3.072" classname="com.qa.rest.test.OAuth10"/>
</testsuite> <!-- com.qa.rest.test.OAuth10 -->
