<?xml version="1.0" encoding="UTF-8"?>
<!-- Generated by org.testng.reporters.JUnitReportReporter -->
<testsuite skipped="0" hostname="SHI58495EU1271E" name="com.qa.rest.test.CookieBasedAuthentication" tests="1" failures="0" timestamp="24 Feb 2020 12:23:30 GMT" time="7.456" errors="0">
  <testcase name="createIssue" time="7.456" classname="com.qa.rest.test.CookieBasedAuthentication"/>
</testsuite> <!-- com.qa.rest.test.CookieBasedAuthentication -->
